Array
(
    [items] => Array
        (
            [0] => kholod
        )

)

Array
(
    [items] => Array
        (
            [0] => alifertah
        )

)

Array
(
    [items] => Array
        (
            [0] => 
        )

)

Array
(
    [items] => Array
        (
            [0] => 
        )

)

Array
(
    [items] => Array
        (
            [0] => 
        )

)

Array
(
    [items] => Array
        (
            [0] => 
        )

)

Array
(
    [items] => Array
        (
            [0] => 
        )

)

Array
(
    [items] => Array
        (
            [0] => 
        )

)

